<?xml version="1.0" encoding="utf-8"?><testsuites name="pytest tests"><testsuite name="pytest" errors="0" failures="1" skipped="0" tests="19" time="4.690" timestamp="2026-07-04T05:07:33.804234+00:00" hostname="agent-env-e5b78f12-5d3a-4930-8d5a-7eec79b289d1"><testcase classname="backend.tests.test_ammiai_slice3_plan.TestPlanGenerate" name="test_generate_force_returns_full_shape" time="0.515" /><testcase classname="backend.tests.test_ammiai_slice3_plan.TestPlanGenerate" name="test_templates_slot_correctness" time="0.059" /><testcase classname="backend.tests.test_ammiai_slice3_plan.TestAvoidRules" name="test_same_veggie_once_per_day" time="0.285" /><testcase classname="backend.tests.test_ammiai_slice3_plan.TestAvoidRules" name="test_max_sour_per_meal" time="0.000" /><testcase classname="backend.tests.test_ammiai_slice3_plan.TestAvoidRules" name="test_max_coconut_heavy_per_meal" time="0.000" /><testcase classname="backend.tests.test_ammiai_slice3_plan.TestAvoidRules" name="test_no_curd_with_fish_nonveg" time="1.023" /><testcase classname="backend.tests.test_ammiai_slice3_plan.TestProteinGuard" name="test_low_weight_user_no_guard_needed" time="0.417" /><testcase classname="backend.tests.test_ammiai_slice3_plan.TestProteinGuard" name="test_normal_user_target_60kg" time="0.054" /><testcase classname="backend.tests.test_ammiai_slice3_plan.TestCookNowAndRescue" name="test_cook_now_only_zero_shop" time="0.054" /><testcase classname="backend.tests.test_ammiai_slice3_plan.TestCookNowAndRescue" name="test_rescue_dishes_require_expiring" time="0.104" /><testcase classname="backend.tests.test_ammiai_slice3_plan.TestSwap" name="test_swap_options_and_apply" time="0.162" /><testcase classname="backend.tests.test_ammiai_slice3_plan.TestVariety" name="test_different_seeds_produce_different_plans" time="0.118" /><testcase classname="backend.tests.test_ammiai_slice3_plan.TestWeek" name="test_week_returns_7_consecutive" time="0.101" /><testcase classname="backend.tests.test_ammiai_slice3_plan.TestWeek" name="test_week_variety_max_twice" time="0.058" /><testcase classname="backend.tests.test_ammiai_slice3_plan.TestNutritionTargets" name="test_targets_default_60kg" time="0.049" /><testcase classname="backend.tests.test_ammiai_slice3_plan.TestNutritionTargets" name="test_targets_weight_loss_goal" time="0.391" /><testcase classname="backend.tests.test_ammiai_slice3_plan.TestNutritionTargets" name="test_targets_high_protein_goal" time="0.343" /><testcase classname="backend.tests.test_ammiai_slice3_plan.TestFilters" name="test_no_coconut_allergy" time="0.480"><failure message="AssertionError: lunch/tg_paruppu contains coconut with allergy set&#10;assert not ({'coconut_grated', 'cooking_oil', 'garlic', 'toor_dal'} &amp; {'coconut', 'coconut_grated'})">backend/tests/test_ammiai_slice3_plan.py:459: in test_no_coconut_allergy
    assert not (ings &amp; {"coconut", "coconut_grated"}), \
E   AssertionError: lunch/tg_paruppu contains coconut with allergy set
E   assert not ({'coconut_grated', 'cooking_oil', 'garlic', 'toor_dal'} &amp; {'coconut', 'coconut_grated'})</failure></testcase><testcase classname="backend.tests.test_ammiai_slice3_plan.TestFilters" name="test_veg_diet_no_nonveg" time="0.359" /></testsuite></testsuites>