<?xml version="1.0" encoding="utf-8"?><testsuites name="pytest tests"><testsuite name="pytest" errors="0" failures="0" skipped="0" tests="12" time="2.739" timestamp="2026-07-04T05:59:47.875644+00:00" hostname="agent-env-e5b78f12-5d3a-4930-8d5a-7eec79b289d1"><testcase classname="backend.tests.test_ammiai_slice5_grocery.TestGroceryList" name="test_grocery_list_shape_default_7_days" time="0.479" /><testcase classname="backend.tests.test_ammiai_slice5_grocery.TestGroceryList" name="test_staples_excluded" time="0.052" /><testcase classname="backend.tests.test_ammiai_slice5_grocery.TestGroceryList" name="test_grocery_end_before_start_400" time="0.048" /><testcase classname="backend.tests.test_ammiai_slice5_grocery.TestGroceryList" name="test_grocery_deducts_pantry" time="0.150" /><testcase classname="backend.tests.test_ammiai_slice5_grocery.TestGroceryList" name="test_household_size_scaling" time="0.352" /><testcase classname="backend.tests.test_ammiai_slice5_grocery.TestOrderPlaced" name="test_order_placed_creates_and_merges" time="0.239" /><testcase classname="backend.tests.test_ammiai_slice5_grocery.TestOrderPlaced" name="test_order_placed_ignores_unknown" time="0.045" /><testcase classname="backend.tests.test_ammiai_slice5_grocery.TestCookedAndStreak" name="test_cooked_deducts_and_returns_shape" time="0.784" /><testcase classname="backend.tests.test_ammiai_slice5_grocery.TestCookedAndStreak" name="test_cooked_flag_persisted" time="0.152" /><testcase classname="backend.tests.test_ammiai_slice5_grocery.TestCookedAndStreak" name="test_cooked_idempotent_same_day_streak" time="0.154" /><testcase classname="backend.tests.test_ammiai_slice5_grocery.TestCookedAndStreak" name="test_get_streak" time="0.046" /><testcase classname="backend.tests.test_ammiai_slice5_grocery.TestCookedAndStreak" name="test_cooked_missing_dish_404" time="0.152" /></testsuite></testsuites>