<?xml version="1.0" encoding="utf-8"?><testsuites name="pytest tests"><testsuite name="pytest" errors="0" failures="0" skipped="0" tests="6" time="31.013" timestamp="2026-07-04T07:01:01.762221+00:00" hostname="agent-env-e5b78f12-5d3a-4930-8d5a-7eec79b289d1"><testcase classname="backend.tests.test_ammiai_slice6_ai.TestAIStatus" name="test_status_before_run" time="0.353" /><testcase classname="backend.tests.test_ammiai_slice6_ai.TestAIWeeklyPlan" name="test_post_week_returns_ai" time="15.814" /><testcase classname="backend.tests.test_ammiai_slice6_ai.TestAIWeeklyPlan" name="test_get_week_cached" time="0.058" /><testcase classname="backend.tests.test_ammiai_slice6_ai.TestAIWeeklyPlan" name="test_status_after_run_reports_cached" time="0.050" /><testcase classname="backend.tests.test_ammiai_slice6_ai.TestAIWeeklyPlan" name="test_delete_week_clears_cache" time="0.144" /><testcase classname="backend.tests.test_ammiai_slice6_ai.TestAccountDeleteCascade" name="test_hard_delete_purges_ai_cache" time="14.512" /></testsuite></testsuites>