<?xml version="1.0" encoding="utf-8"?><testsuites name="pytest tests"><testsuite name="pytest" errors="0" failures="0" skipped="0" tests="12" time="3.455" timestamp="2026-07-04T06:32:05.907748+00:00" hostname="agent-env-e5b78f12-5d3a-4930-8d5a-7eec79b289d1"><testcase classname="backend.tests.test_ammiai_slice5_notif_premium.TestNotificationPrefs" name="test_get_defaults" time="0.300" /><testcase classname="backend.tests.test_ammiai_slice5_notif_premium.TestNotificationPrefs" name="test_put_partial_patch_persists" time="0.099" /><testcase classname="backend.tests.test_ammiai_slice5_notif_premium.TestPremiumFlow" name="test_default_status_free" time="0.108" /><testcase classname="backend.tests.test_ammiai_slice5_notif_premium.TestPremiumFlow" name="test_purchase_yearly_flips_premium" time="0.106" /><testcase classname="backend.tests.test_ammiai_slice5_notif_premium.TestPremiumFlow" name="test_cancel_flips_back" time="0.095" /><testcase classname="backend.tests.test_ammiai_slice5_notif_premium.TestQuotas" name="test_pantry_quota_402_on_26th" time="1.530" /><testcase classname="backend.tests.test_ammiai_slice5_notif_premium.TestQuotas" name="test_plan_generate_quota" time="0.483" /><testcase classname="backend.tests.test_ammiai_slice5_notif_premium.TestWeeklyReport" name="test_default_shape" time="0.053" /><testcase classname="backend.tests.test_ammiai_slice5_notif_premium.TestWeeklyReport" name="test_accepts_end_date" time="0.050" /><testcase classname="backend.tests.test_ammiai_slice5_notif_premium.TestAIStub" name="test_status_not_configured" time="0.049" /><testcase classname="backend.tests.test_ammiai_slice5_notif_premium.TestAIStub" name="test_request_501_when_not_configured" time="0.049" /><testcase classname="backend.tests.test_ammiai_slice5_notif_premium.TestZDeleteAccount" name="test_delete_and_token_invalidated" time="0.443" /></testsuite></testsuites>