<?xml version="1.0" encoding="utf-8"?><testsuites name="pytest tests"><testsuite name="pytest" errors="0" failures="0" skipped="0" tests="10" time="2.637" timestamp="2026-07-04T04:08:32.740020+00:00" hostname="agent-env-e5b78f12-5d3a-4930-8d5a-7eec79b289d1"><testcase classname="backend.tests.test_ammiai_slice1.TestRootAndStats" name="test_root" time="0.780" /><testcase classname="backend.tests.test_ammiai_slice1.TestRootAndStats" name="test_stats" time="0.635" /><testcase classname="backend.tests.test_ammiai_slice1.TestIngredients" name="test_list" time="0.439" /><testcase classname="backend.tests.test_ammiai_slice1.TestIngredients" name="test_get_known" time="0.048" /><testcase classname="backend.tests.test_ammiai_slice1.TestIngredients" name="test_get_unknown_404" time="0.052" /><testcase classname="backend.tests.test_ammiai_slice1.TestRecipes" name="test_list" time="0.057" /><testcase classname="backend.tests.test_ammiai_slice1.TestRecipes" name="test_filter_by_kuzhambu" time="0.045" /><testcase classname="backend.tests.test_ammiai_slice1.TestRecipes" name="test_get_known" time="0.050" /><testcase classname="backend.tests.test_ammiai_slice1.TestRecipes" name="test_get_unknown_404" time="0.412" /><testcase classname="backend.tests.test_ammiai_slice1.TestMealRules" name="test_meal_rules" time="0.046" /></testsuite></testsuites>