<?xml version="1.0" encoding="utf-8"?><testsuites name="pytest tests"><testsuite name="pytest" errors="0" failures="0" skipped="2" tests="15" time="3.577" timestamp="2026-07-04T05:34:35.158221+00:00" hostname="agent-env-e5b78f12-5d3a-4930-8d5a-7eec79b289d1"><testcase classname="backend.tests.test_ammiai_slice4_calendar.TestBulkGenerate" name="test_bulk_generate_range_creates_all" time="0.486" /><testcase classname="backend.tests.test_ammiai_slice4_calendar.TestBulkGenerate" name="test_bulk_generate_only_empty_skips_existing" time="0.053" /><testcase classname="backend.tests.test_ammiai_slice4_calendar.TestBulkGenerate" name="test_bulk_generate_force_regenerates" time="0.058" /><testcase classname="backend.tests.test_ammiai_slice4_calendar.TestBulkGenerate" name="test_bulk_generate_rejects_range_over_45_days" time="0.050" /><testcase classname="backend.tests.test_ammiai_slice4_calendar.TestBulkGenerate" name="test_bulk_generate_variety_across_days" time="0.529" /><testcase classname="backend.tests.test_ammiai_slice4_calendar.TestPlanMonth" name="test_plan_month_shape_current" time="0.055" /><testcase classname="backend.tests.test_ammiai_slice4_calendar.TestPlanMonth" name="test_plan_month_days_in_month_feb_2026" time="0.057" /><testcase classname="backend.tests.test_ammiai_slice4_calendar.TestPlanMonth" name="test_plan_month_days_in_month_apr" time="0.049" /><testcase classname="backend.tests.test_ammiai_slice4_calendar.TestPlanMonth" name="test_plan_month_days_in_month_jul" time="0.061" /><testcase classname="backend.tests.test_ammiai_slice4_calendar.TestPlanMonth" name="test_plan_month_invalid_month" time="0.049" /><testcase classname="backend.tests.test_ammiai_slice4_calendar.TestPlanMonth" name="test_plan_month_contains_created_plans" time="0.054" /><testcase classname="backend.tests.test_ammiai_slice4_calendar.TestSwapViolations" name="test_swap_returns_violations_field" time="1.375" /><testcase classname="backend.tests.test_ammiai_slice4_calendar.TestSwapViolations" name="test_force_coconut_violation_still_applies" time="0.116"><skipped type="pytest.skip" message="No non-coconut accompaniment in breakfast to test coconut violation">/app/backend/tests/test_ammiai_slice4_calendar.py:297: No non-coconut accompaniment in breakfast to test coconut violation</skipped></testcase><testcase classname="backend.tests.test_ammiai_slice4_calendar.TestSwapViolations" name="test_force_same_veggie_violation" time="0.107"><skipped type="pytest.skip" message="Lunch poriyal has no simple veggie">/app/backend/tests/test_ammiai_slice4_calendar.py:353: Lunch poriyal has no simple veggie</skipped></testcase><testcase classname="backend.tests.test_ammiai_slice4_calendar.TestManualEdits" name="test_swap_increments_manual_edits" time="0.388" /></testsuite></testsuites>