<?xml version="1.0" encoding="utf-8"?><testsuites name="pytest tests"><testsuite name="pytest" errors="0" failures="0" skipped="0" tests="22" time="2.406" timestamp="2026-07-04T04:43:10.261319+00:00" hostname="agent-env-e5b78f12-5d3a-4930-8d5a-7eec79b289d1"><testcase classname="backend.tests.test_ammiai_slice2.TestPhoneAuth" name="test_send_invalid_phone" time="0.231" /><testcase classname="backend.tests.test_ammiai_slice2.TestPhoneAuth" name="test_verify_without_send" time="0.138" /><testcase classname="backend.tests.test_ammiai_slice2.TestPhoneAuth" name="test_verify_bad_code_format" time="0.255" /><testcase classname="backend.tests.test_ammiai_slice2.TestPhoneAuth" name="test_me_no_token" time="0.104" /><testcase classname="backend.tests.test_ammiai_slice2.TestPhoneAuth" name="test_me_with_token" time="0.236" /><testcase classname="backend.tests.test_ammiai_slice2.TestProfile" name="test_put_profile_full" time="0.046" /><testcase classname="backend.tests.test_ammiai_slice2.TestProfile" name="test_get_profile_after_put" time="0.045" /><testcase classname="backend.tests.test_ammiai_slice2.TestProfile" name="test_me_profile_populated" time="0.045" /><testcase classname="backend.tests.test_ammiai_slice2.TestPantryBundle" name="test_bundle_add_8" time="0.052" /><testcase classname="backend.tests.test_ammiai_slice2.TestPantryBundle" name="test_bundle_idempotent" time="0.046" /><testcase classname="backend.tests.test_ammiai_slice2.TestPantryBundle" name="test_pantry_list" time="0.049" /><testcase classname="backend.tests.test_ammiai_slice2.TestPantryAddAndEnrich" name="test_add_tomato_enriched" time="0.135" /><testcase classname="backend.tests.test_ammiai_slice2.TestPantryAddAndEnrich" name="test_freshness_yellow" time="0.089" /><testcase classname="backend.tests.test_ammiai_slice2.TestPantryAddAndEnrich" name="test_freshness_red" time="0.093" /><testcase classname="backend.tests.test_ammiai_slice2.TestPantryAddAndEnrich" name="test_add_unknown_ingredient_404" time="0.044" /><testcase classname="backend.tests.test_ammiai_slice2.TestPantryPatchDelete" name="test_patch_qty" time="0.142" /><testcase classname="backend.tests.test_ammiai_slice2.TestPantryPatchDelete" name="test_delete_item" time="0.098" /><testcase classname="backend.tests.test_ammiai_slice2.TestPantryPatchDelete" name="test_delete_missing_404" time="0.045" /><testcase classname="backend.tests.test_ammiai_slice2.TestDiscardAndWasteLog" name="test_discard_tomato_creates_log" time="0.145" /><testcase classname="backend.tests.test_ammiai_slice2.TestDiscardAndWasteLog" name="test_waste_log_total" time="0.045" /><testcase classname="backend.tests.test_ammiai_slice2.TestResetAndLogout" name="test_profile_reset" time="0.135" /><testcase classname="backend.tests.test_ammiai_slice2.TestResetAndLogout" name="test_logout_invalidates_token" time="0.090" /></testsuite></testsuites>